STRG.1.1 gene=STRG.1 [16] [0] GCTGTTGTGGC
STRG.1.1 gene=STRG.1 [16] [1] CTGTTGTGGCC
STRG.1.1 gene=STRG.1 [16] [2] TGTTGTGGCCA
STRG.1.1 gene=STRG.1 [16] [3] GTTGTGGCCAG
STRG.1.1 gene=STRG.1 [16] [4] TTGTGGCCAGG
STRG.1.1 gene=STRG.1 [16] [5] TGTGGCCAGGA
STRG.1.1 gene=STRG.1 [16] [6] GTGGCCAGGAT
STRG.1.1 gene=STRG.1 [16] [7] TGGCCAGGATT
STRG.1.1 gene=STRG.1 [16] [8] GGCCAGGATTT
STRG.1.1 gene=STRG.1 [16] [9] GCCAGGATTTG
STRG.1.1 gene=STRG.1 [16] [10] CCAGGATTTGG
STRG.1.1 gene=STRG.1 [16] [11] CAGGATTTGGA
STRG.1.1 gene=STRG.1 [16] [12] AGGATTTGGAT
STRG.1.1 gene=STRG.1 [16] [13] GGATTTGGATT
STRG.1.1 gene=STRG.1 [16] [14] GATTTGGATTT
STRG.1.1 gene=STRG.1 [16] [15] ATTTGGATTTG
STRG.1.1 gene=STRG.1 [16] [16] TTTGGATTTGT
STRG.1.1 gene=STRG.1 [16] [17] TTGGATTTGTT
STRG.1.1 gene=STRG.1 [16] [18] TGGATTTGTTG
STRG.1.1 gene=STRG.1 [16] [19] GGATTTGTTGT
STRG.1.1 gene=STRG.1 [16] [20] GATTTGTTGTG
STRG.1.1 gene=STRG.1 [16] [21] ATTTGTTGTGC
STRG.1.1 gene=STRG.1 [16] [22] TTTGTTGTGCT
STRG.1.1 gene=STRG.1 [16] [23] TTGTTGTGCTG
STRG.1.1 gene=STRG.1 [16] [24] TGTTGTGCTGT
STRG.1.1 gene=STRG.1 [16] [25] GTTGTGCTGTG
STRG.1.1 gene=STRG.1 [16] [26] TTGTGCTGTGT
STRG.1.1 gene=STRG.1 [16] [27] TGTGCTGTGTT
STRG.1.1 gene=STRG.1 [16] [28] GTGCTGTGTTC
STRG.1.1 gene=STRG.1 [16] [29] TGCTGTGTTCT
STRG.1.1 gene=STRG.1 [16] [30] GCTGTGTTCTG
STRG.1.1 gene=STRG.1 [16] [31] CTGTGTTCTGC
STRG.1.1 gene=STRG.1 [16] [32] TGTGTTCTGCT
STRG.1.1 gene=STRG.1 [16] [33] GTGTTCTGCTC
STRG.1.1 gene=STRG.1 [16] [34] TGTTCTGCTCT
STRG.1.1 gene=STRG.1 [16] [35] GTTCTGCTCTG
STRG.1.1 gene=STRG.1 [16] [36] TTCTGCTCTGT
STRG.1.1 gene=STRG.1 [16] [37] TCTGCTCTGTT
STRG.1.1 gene=STRG.1 [16] [38] CTGCTCTGTTT
STRG.1.1 gene=STRG.1 [16] [39] TGCTCTGTTTT
STRG.1.1 gene=STRG.1 [16] [40] GCTCTGTTTTC
STRG.1.1 gene=STRG.1 [16] [41] CTCTGTTTTCT
STRG.1.1 gene=STRG.1 [16] [42] TCTGTTTTCTG
STRG.1.1 gene=STRG.1 [16] [43, 77445] CTGTTTTCTGT
STRG.1.1 gene=STRG.1 [16] [44, 77446] TGTTTTCTGTT
STRG.1.1 gene=STRG.1 [16] [45] GTTTTCTGTTC
STRG.1.1 gene=STRG.1 [16] [46] TTTTCTGTTCG
STRG.1.1 gene=STRG.1 [16] [47] TTTCTGTTCGG
STRG.1.1 gene=STRG.1 [16] [48] TTCTGTTCGGT
STRG.1.1 gene=STRG.1 [16] [49] TCTGTTCGGTG
STRG.1.1 gene=STRG.1 [16] [50] CTGTTCGGTGA
STRG.1.1 gene=STRG.1 [16] [51] TGTTCGGTGAG
STRG.1.1 gene=STRG.1 [16] [52] GTTCGGTGAGC
STRG.1.1 gene=STRG.1 [16] [53] TTCGGTGAGCT
STRG.1.1 gene=STRG.1 [16] [54] TCGGTGAGCTT
STRG.1.1 gene=STRG.1 [16] [55] CGGTGAGCTTT
STRG.1.1 gene=STRG.1 [16] [56] GGTGAGCTTTG
STRG.1.1 gene=STRG.1 [16] [57] GTGAGCTTTGC
STRG.1.1 gene=STRG.1 [16] [58] TGAGCTTTGCT
STRG.1.1 gene=STRG.1 [16] [59] GAGCTTTGCTG
STRG.1.1 gene=STRG.1 [16] [60] AGCTTTGCTGT
STRG.1.1 gene=STRG.1 [16] [61] GCTTTGCTGTG
STRG.1.1 gene=STRG.1 [16] [62] CTTTGCTGTGG
STRG.1.1 gene=STRG.1 [16] [63] TTTGCTGTGGA
STRG.1.1 gene=STRG.1 [16] [64] TTGCTGTGGAC
STRG.1.1 gene=STRG.1 [16] [65] TGCTGTGGACC
STRG.1.1 gene=STRG.1 [16] [66] GCTGTGGACCA
STRG.1.1 gene=STRG.1 [16] [67] CTGTGGACCAG
STRG.1.1 gene=STRG.1 [16] [68] TGTGGACCAGA
STRG.1.1 gene=STRG.1 [16] [69] GTGGACCAGAG
STRG.1.1 gene=STRG.1 [16] [70] TGGACCAGAGT
STRG.1.1 gene=STRG.1 [16] [71] GGACCAGAGTG
STRG.1.1 gene=STRG.1 [16] [72] GACCAGAGTGC
STRG.1.1 gene=STRG.1 [16] [73] ACCAGAGTGCG
STRG.1.1 gene=STRG.1 [16] [74] CCAGAGTGCGC
STRG.1.1 gene=STRG.1 [16] [75] CAGAGTGCGCA
STRG.1.1 gene=STRG.1 [16] [76] AGAGTGCGCAT
STRG.1.1 gene=STRG.1 [16] [77] GAGTGCGCATT
STRG.1.1 gene=STRG.1 [16] [78] AGTGCGCATTT
STRG.1.1 gene=STRG.1 [16] [79] GTGCGCATTTG
STRG.1.1 gene=STRG.1 [16] [80] TGCGCATTTGG
STRG.1.1 gene=STRG.1 [16] [81] GCGCATTTGGT
STRG.1.1 gene=STRG.1 [16] [82] CGCATTTGGTG
STRG.1.1 gene=STRG.1 [16] [83] GCATTTGGTGT
STRG.1.1 gene=STRG.1 [16] [84] CATTTGGTGTG
STRG.1.1 gene=STRG.1 [16] [85] ATTTGGTGTGG
STRG.1.1 gene=STRG.1 [16] [86] TTTGGTGTGGG
STRG.1.1 gene=STRG.1 [16] [87] TTGGTGTGGGT
STRG.1.1 gene=STRG.1 [16] [88] TGGTGTGGGTT
STRG.1.1 gene=STRG.1 [16] [89] GGTGTGGGTTT
STRG.1.1 gene=STRG.1 [16] [90] GTGTGGGTTTC
STRG.1.1 gene=STRG.1 [16] [91] TGTGGGTTTCG
STRG.1.1 gene=STRG.1 [16] [92] GTGGGTTTCGG
STRG.1.1 gene=STRG.1 [16] [93] TGGGTTTCGGT
STRG.1.1 gene=STRG.1 [16] [94] GGGTTTCGGTT
STRG.1.1 gene=STRG.1 [16] [95] GGTTTCGGTTT
STRG.1.1 gene=STRG.1 [16] [96] GTTTCGGTTTG
STRG.1.1 gene=STRG.1 [16] [97] TTTCGGTTTGG
STRG.1.1 gene=STRG.1 [16] [98] TTCGGTTTGGC
STRG.1.1 gene=STRG.1 [16] [99] TCGGTTTGGCT
STRG.1.1 gene=STRG.1 [16] [100] CGGTTTGGCTG
STRG.1.1 gene=STRG.1 [16] [101] GGTTTGGCTGG
STRG.1.1 gene=STRG.1 [16] [102] GTTTGGCTGGC
STRG.1.1 gene=STRG.1 [16] [103] TTTGGCTGGCT
STRG.1.1 gene=STRG.1 [16] [104] TTGGCTGGCTC
STRG.1.1 gene=STRG.1 [16] [105] TGGCTGGCTCC
STRG.1.1 gene=STRG.1 [16] [106] GGCTGGCTCCT
STRG.1.1 gene=STRG.1 [16] [107, 57354] GCTGGCTCCTT
STRG.1.1 gene=STRG.1 [16] [108] CTGGCTCCTTT
STRG.1.1 gene=STRG.1 [16] [109] TGGCTCCTTTG
STRG.1.1 gene=STRG.1 [16] [110] GGCTCCTTTGG
STRG.1.1 gene=STRG.1 [16] [111] GCTCCTTTGGC
STRG.1.1 gene=STRG.1 [16] [112] CTCCTTTGGCC
STRG.1.1 gene=STRG.1 [16] [113] TCCTTTGGCCA
STRG.1.1 gene=STRG.1 [16] [114] CCTTTGGCCAG
STRG.1.1 gene=STRG.1 [16] [115] CTTTGGCCAGC
STRG.1.1 gene=STRG.1 [16] [116] TTTGGCCAGCT
STRG.1.1 gene=STRG.1 [16] [117] TTGGCCAGCTG
STRG.1.1 gene=STRG.1 [16] [118] TGGCCAGCTGG
STRG.1.1 gene=STRG.1 [16] [119] GGCCAGCTGGA
STRG.1.1 gene=STRG.1 [16] [120] GCCAGCTGGAG
STRG.1.1 gene=STRG.1 [16] [121] CCAGCTGGAGG
STRG.1.1 gene=STRG.1 [16] [122] CAGCTGGAGGG
STRG.1.1 gene=STRG.1 [16] [123] AGCTGGAGGGC
STRG.1.1 gene=STRG.1 [16] [124] GCTGGAGGGCA
STRG.1.1 gene=STRG.1 [16] [125] CTGGAGGGCAT
STRG.1.1 gene=STRG.1 [16] [126] TGGAGGGCATT
STRG.1.1 gene=STRG.1 [16] [127] GGAGGGCATTC
STRG.1.1 gene=STRG.1 [16] [128] GAGGGCATTCC
STRG.1.1 gene=STRG.1 [16] [129] AGGGCATTCCT
STRG.1.1 gene=STRG.1 [16] [130] GGGCATTCCTC
STRG.1.1 gene=STRG.1 [16] [131] GGCATTCCTCG
STRG.1.1 gene=STRG.1 [16] [132] GCATTCCTCGC
STRG.1.1 gene=STRG.1 [16] [133] CATTCCTCGCC
STRG.1.1 gene=STRG.1 [16] [134] ATTCCTCGCCA
STRG.1.1 gene=STRG.1 [16] [135] TTCCTCGCCAT
STRG.1.1 gene=STRG.1 [16] [136] TCCTCGCCATT
STRG.1.1 gene=STRG.1 [16] [137] CCTCGCCATTC
STRG.1.1 gene=STRG.1 [16] [138] CTCGCCATTCT
STRG.1.1 gene=STRG.1 [16] [139] TCGCCATTCTC
STRG.1.1 gene=STRG.1 [16] [140] CGCCATTCTCA
STRG.1.1 gene=STRG.1 [16] [141] GCCATTCTCAT
STRG.1.1 gene=STRG.1 [16] [142] CCATTCTCATA
STRG.1.1 gene=STRG.1 [16] [143] CATTCTCATAG
STRG.1.1 gene=STRG.1 [16] [144] ATTCTCATAGG
STRG.1.1 gene=STRG.1 [16] [145] TTCTCATAGGT
STRG.1.1 gene=STRG.1 [16] [146] TCTCATAGGTG
STRG.1.1 gene=STRG.1 [16] [147] CTCATAGGTGG
STRG.1.1 gene=STRG.1 [16] [148] TCATAGGTGGC
STRG.1.1 gene=STRG.1 [16] [149] CATAGGTGGCT
STRG.1.1 gene=STRG.1 [16] [150] ATAGGTGGCTC
STRG.1.1 gene=STRG.1 [16] [151] TAGGTGGCTCT
STRG.1.1 gene=STRG.1 [16] [152] AGGTGGCTCTG
STRG.1.1 gene=STRG.1 [16] [153] GGTGGCTCTGT
STRG.1.1 gene=STRG.1 [16] [154] GTGGCTCTGTT
STRG.1.1 gene=STRG.1 [16] [155] TGGCTCTGTTT
STRG.1.1 gene=STRG.1 [16] [156] GGCTCTGTTTT
STRG.1.1 gene=STRG.1 [16] [157] GCTCTGTTTTT
STRG.1.1 gene=STRG.1 [16] [158] CTCTGTTTTTG
STRG.1.1 gene=STRG.1 [16] [159] TCTGTTTTTGC
STRG.1.1 gene=STRG.1 [16] [160] CTGTTTTTGCG
STRG.1.1 gene=STRG.1 [16] [161] TGTTTTTGCGC
STRG.1.1 gene=STRG.1 [16] [162] GTTTTTGCGCT
STRG.1.1 gene=STRG.1 [16] [163] TTTTTGCGCTG
STRG.1.1 gene=STRG.1 [16] [164] TTTTGCGCTGC
STRG.1.1 gene=STRG.1 [16] [165] TTTGCGCTGCC
STRG.1.1 gene=STRG.1 [16] [166] TTGCGCTGCCT
STRG.1.1 gene=STRG.1 [16] [167] TGCGCTGCCTC
STRG.1.1 gene=STRG.1 [16] [168] GCGCTGCCTCC
STRG.1.1 gene=STRG.1 [16] [169] CGCTGCCTCCG
STRG.1.1 gene=STRG.1 [16] [170, 10034] GCTGCCTCCGC
STRG.1.1 gene=STRG.1 [16] [171, 10035] CTGCCTCCGCA
STRG.1.1 gene=STRG.1 [16] [172] TGCCTCCGCAT
STRG.1.1 gene=STRG.1 [16] [173] GCCTCCGCATG
STRG.1.1 gene=STRG.1 [16] [174] CCTCCGCATGA
STRG.1.1 gene=STRG.1 [16] [175] CTCCGCATGAT
STRG.1.1 gene=STRG.1 [16] [176] TCCGCATGATA
STRG.1.1 gene=STRG.1 [16] [177] CCGCATGATAA
STRG.1.1 gene=STRG.1 [16] [178] CGCATGATAAC
STRG.1.1 gene=STRG.1 [16] [179] GCATGATAACC
STRG.1.1 gene=STRG.1 [16] [180] CATGATAACCA
STRG.1.1 gene=STRG.1 [16] [181] ATGATAACCAT
STRG.1.1 gene=STRG.1 [16] [182] TGATAACCATA
STRG.1.1 gene=STRG.1 [16] [183] GATAACCATAA
STRG.1.1 gene=STRG.1 [16] [184] ATAACCATAAA
STRG.1.1 gene=STRG.1 [16] [185] TAACCATAAAT
STRG.1.1 gene=STRG.1 [16] [186] AACCATAAATA
STRG.1.1 gene=STRG.1 [16] [187] ACCATAAATAT
STRG.1.1 gene=STRG.1 [16] [188] CCATAAATATT
STRG.1.1 gene=STRG.1 [16] [189] CATAAATATTT
STRG.1.1 gene=STRG.1 [16] [190] ATAAATATTTC
STRG.1.1 gene=STRG.1 [16] [191] TAAATATTTCG
STRG.1.1 gene=STRG.1 [16] [192] AAATATTTCGT
STRG.1.1 gene=STRG.1 [16] [193] AATATTTCGTG
STRG.1.1 gene=STRG.1 [16] [194] ATATTTCGTGT
STRG.1.1 gene=STRG.1 [16] [195] TATTTCGTGTA
STRG.1.1 gene=STRG.1 [16] [196] ATTTCGTGTAA
STRG.1.1 gene=STRG.1 [16] [197] TTTCGTGTAAT
STRG.1.1 gene=STRG.1 [16] [198] TTCGTGTAATA
STRG.1.1 gene=STRG.1 [16] [199] TCGTGTAATAG
STRG.1.1 gene=STRG.1 [16] [200] CGTGTAATAGA
STRG.1.1 gene=STRG.1 [16] [201] GTGTAATAGAA
STRG.1.1 gene=STRG.1 [16] [202] TGTAATAGAAA
STRG.1.1 gene=STRG.1 [16] [203] GTAATAGAAAA
STRG.1.1 gene=STRG.1 [16] [204] TAATAGAAAAT
STRG.1.1 gene=STRG.1 [16] [205] AATAGAAAATG
STRG.1.1 gene=STRG.1 [16] [206] ATAGAAAATGT
STRG.1.1 gene=STRG.1 [16] [207] TAGAAAATGTT
STRG.1.1 gene=STRG.1 [16] [208] AGAAAATGTTG
STRG.1.1 gene=STRG.1 [16] [209] GAAAATGTTGT
STRG.1.1 gene=STRG.1 [16] [210] AAAATGTTGTG
STRG.1.1 gene=STRG.1 [16] [211] AAATGTTGTGC
STRG.1.1 gene=STRG.1 [16] [212] AATGTTGTGCA
STRG.1.1 gene=STRG.1 [16] [213] ATGTTGTGCAA
STRG.1.1 gene=STRG.1 [16] [214] TGTTGTGCAAG
STRG.1.1 gene=STRG.1 [16] [215, 79892] GTTGTGCAAGT
STRG.1.1 gene=STRG.1 [16] [216] TTGTGCAAGTG
STRG.1.1 gene=STRG.1 [16] [217] TGTGCAAGTGC
STRG.1.1 gene=STRG.1 [16] [218] GTGCAAGTGCT
STRG.1.1 gene=STRG.1 [16] [219] TGCAAGTGCTT
STRG.1.1 gene=STRG.1 [16] [220] GCAAGTGCTTT
STRG.1.1 gene=STRG.1 [16] [221] CAAGTGCTTTG
STRG.1.1 gene=STRG.1 [16] [222] AAGTGCTTTGC
STRG.1.1 gene=STRG.1 [16] [223] AGTGCTTTGCC
STRG.1.1 gene=STRG.1 [16] [224] GTGCTTTGCCA
STRG.1.1 gene=STRG.1 [16] [225] TGCTTTGCCAT
STRG.1.1 gene=STRG.1 [16] [226] GCTTTGCCATT
STRG.1.1 gene=STRG.1 [16] [227] CTTTGCCATTT
STRG.1.1 gene=STRG.1 [16] [228] TTTGCCATTTG
STRG.1.1 gene=STRG.1 [16] [229] TTGCCATTTGC
STRG.1.1 gene=STRG.1 [16] [230] TGCCATTTGCT
STRG.1.1 gene=STRG.1 [16] [231] GCCATTTGCTG
STRG.1.1 gene=STRG.1 [16] [232] CCATTTGCTGG
STRG.1.1 gene=STRG.1 [16] [233] CATTTGCTGGC
STRG.1.1 gene=STRG.1 [16] [234] ATTTGCTGGCC
STRG.1.1 gene=STRG.1 [16] [235] TTTGCTGGCCA
STRG.1.1 gene=STRG.1 [16] [236] TTGCTGGCCAC
STRG.1.1 gene=STRG.1 [16] [237] TGCTGGCCACT
STRG.1.1 gene=STRG.1 [16] [238] GCTGGCCACTT
STRG.1.1 gene=STRG.1 [16] [239] CTGGCCACTTT
STRG.1.1 gene=STRG.1 [16] [240] TGGCCACTTTT
STRG.1.1 gene=STRG.1 [16] [241] GGCCACTTTTT
STRG.1.1 gene=STRG.1 [16] [242] GCCACTTTTTT
STRG.1.1 gene=STRG.1 [16] [243] CCACTTTTTTT
STRG.1.1 gene=STRG.1 [16] [244] CACTTTTTTTT
STRG.1.1 gene=STRG.1 [16] [245] ACTTTTTTTTT
STRG.1.1 gene=STRG.1 [16] [246] CTTTTTTTTTG
STRG.1.1 gene=STRG.1 [16] [247, 34746, 74805, 83645] TTTTTTTTTGT
STRG.1.1 gene=STRG.1 [16] [248, 74806, 83646] TTTTTTTTGTT
STRG.1.1 gene=STRG.1 [16] [249] TTTTTTTGTTT
STRG.1.1 gene=STRG.1 [16] [250, 20920, 26945] TTTTTTGTTTT
STRG.1.1 gene=STRG.1 [16] [251] TTTTTGTTTTG
STRG.1.1 gene=STRG.1 [16] [252] TTTTGTTTTGC
STRG.1.1 gene=STRG.1 [16] [253] TTTGTTTTGCT
STRG.1.1 gene=STRG.1 [16] [254] TTGTTTTGCTT
STRG.1.1 gene=STRG.1 [16] [255] TGTTTTGCTTA
STRG.1.1 gene=STRG.1 [16] [256] GTTTTGCTTAC
STRG.1.1 gene=STRG.1 [16] [257] TTTTGCTTACT
STRG.1.1 gene=STRG.1 [16] [258] TTTGCTTACTT
STRG.1.1 gene=STRG.1 [16] [259] TTGCTTACTTC
STRG.1.1 gene=STRG.1 [16] [260] TGCTTACTTCT
STRG.1.1 gene=STRG.1 [16] [261, 89515] GCTTACTTCTT
STRG.1.1 gene=STRG.1 [16] [262] CTTACTTCTTG
STRG.1.1 gene=STRG.1 [16] [263] TTACTTCTTGG
STRG.1.1 gene=STRG.1 [16] [264] TACTTCTTGGC
STRG.1.1 gene=STRG.1 [16] [265] ACTTCTTGGCT
STRG.1.1 gene=STRG.1 [16] [266] CTTCTTGGCTT
STRG.1.1 gene=STRG.1 [16] [267] TTCTTGGCTTT
STRG.1.1 gene=STRG.1 [16] [268] TCTTGGCTTTG
STRG.1.1 gene=STRG.1 [16] [269] CTTGGCTTTGG
STRG.1.1 gene=STRG.1 [16] [270] TTGGCTTTGGC
STRG.1.1 gene=STRG.1 [16] [271] TGGCTTTGGCT
STRG.1.1 gene=STRG.1 [16] [272] GGCTTTGGCTT
STRG.1.1 gene=STRG.1 [16] [273, 82180] GCTTTGGCTTG
STRG.1.1 gene=STRG.1 [16] [274] CTTTGGCTTGA
STRG.1.1 gene=STRG.1 [16] [275] TTTGGCTTGAT
STRG.1.1 gene=STRG.1 [16] [276] TTGGCTTGATT
STRG.1.1 gene=STRG.1 [16] [277] TGGCTTGATTA
STRG.1.1 gene=STRG.1 [16] [278] GGCTTGATTAC
STRG.1.1 gene=STRG.1 [16] [279] GCTTGATTACG
STRG.1.1 gene=STRG.1 [16] [280] CTTGATTACGG
STRG.1.1 gene=STRG.1 [16] [281] TTGATTACGGC
STRG.1.1 gene=STRG.1 [16] [282] TGATTACGGCC
STRG.1.1 gene=STRG.1 [16] [283] GATTACGGCCA
STRG.1.1 gene=STRG.1 [16] [284] ATTACGGCCAG
STRG.1.1 gene=STRG.1 [16] [285] TTACGGCCAGC
STRG.1.1 gene=STRG.1 [16] [286] TACGGCCAGCG
STRG.1.1 gene=STRG.1 [16] [287] ACGGCCAGCGG
STRG.1.1 gene=STRG.1 [16] [288] CGGCCAGCGGA
STRG.1.1 gene=STRG.1 [16] [289] GGCCAGCGGAA
STRG.1.1 gene=STRG.1 [16] [290] GCCAGCGGAAT
STRG.1.1 gene=STRG.1 [16] [291] CCAGCGGAATC
STRG.1.1 gene=STRG.1 [16] [292] CAGCGGAATCC
STRG.1.1 gene=STRG.1 [16] [293] AGCGGAATCCG
STRG.1.1 gene=STRG.1 [16] [294] GCGGAATCCGG
STRG.1.1 gene=STRG.1 [16] [295] CGGAATCCGGG
STRG.1.1 gene=STRG.1 [16] [296] GGAATCCGGGC
STRG.1.1 gene=STRG.1 [16] [297] GAATCCGGGCA
STRG.1.1 gene=STRG.1 [16] [298] AATCCGGGCAA
STRG.1.1 gene=STRG.1 [16] [299] ATCCGGGCAAA
STRG.1.1 gene=STRG.1 [16] [300] TCCGGGCAAAG
STRG.1.1 gene=STRG.1 [16] [301] CCGGGCAAAGT
STRG.1.1 gene=STRG.1 [16] [302] CGGGCAAAGTT
STRG.1.1 gene=STRG.1 [16] [303] GGGCAAAGTTT
STRG.1.1 gene=STRG.1 [16] [304] GGCAAAGTTTA
STRG.1.1 gene=STRG.1 [16] [305] GCAAAGTTTAA
STRG.1.1 gene=STRG.1 [16] [306, 70095] CAAAGTTTAAT
STRG.1.1 gene=STRG.1 [16] [307] AAAGTTTAATC
STRG.1.1 gene=STRG.1 [16] [308] AAGTTTAATCG
STRG.1.1 gene=STRG.1 [16] [309] AGTTTAATCGA
STRG.1.1 gene=STRG.1 [16] [310] GTTTAATCGAA
STRG.1.1 gene=STRG.1 [16] [311] TTTAATCGAAA
STRG.1.1 gene=STRG.1 [16] [312] TTAATCGAAAA
STRG.1.1 gene=STRG.1 [16] [313] TAATCGAAAAG
STRG.1.1 gene=STRG.1 [16] [314] AATCGAAAAGG
STRG.1.1 gene=STRG.1 [16] [315] ATCGAAAAGGA
STRG.1.1 gene=STRG.1 [16] [316] TCGAAAAGGAG
STRG.1.1 gene=STRG.1 [16] [317] CGAAAAGGAGA
STRG.1.1 gene=STRG.1 [16] [318] GAAAAGGAGAA
STRG.1.1 gene=STRG.1 [16] [319, 62686] AAAAGGAGAAG
STRG.1.1 gene=STRG.1 [16] [320] AAAGGAGAAGA
STRG.1.1 gene=STRG.1 [16] [321] AAGGAGAAGAA
STRG.1.1 gene=STRG.1 [16] [322] AGGAGAAGAAA
STRG.1.1 gene=STRG.1 [16] [323] GGAGAAGAAAG
STRG.1.1 gene=STRG.1 [16] [324] GAGAAGAAAGA
STRG.1.1 gene=STRG.1 [16] [325] AGAAGAAAGAT
STRG.1.1 gene=STRG.1 [16] [326] GAAGAAAGATC
STRG.1.1 gene=STRG.1 [16] [327] AAGAAAGATCA
STRG.1.1 gene=STRG.1 [16] [328] AGAAAGATCAT
STRG.1.1 gene=STRG.1 [16] [329] GAAAGATCATG
STRG.1.1 gene=STRG.1 [16] [330] AAAGATCATGG
STRG.1.1 gene=STRG.1 [16] [331] AAGATCATGGA
STRG.1.1 gene=STRG.1 [16] [332] AGATCATGGAA
STRG.1.1 gene=STRG.1 [16] [333] GATCATGGAAT
STRG.1.1 gene=STRG.1 [16] [334] ATCATGGAATT
STRG.1.1 gene=STRG.1 [16] [335] TCATGGAATTC
STRG.1.1 gene=STRG.1 [16] [336] CATGGAATTCC
STRG.1.1 gene=STRG.1 [16] [337, 38617] ATGGAATTCCA
STRG.1.1 gene=STRG.1 [16] [338] TGGAATTCCAC
STRG.1.1 gene=STRG.1 [16] [339] GGAATTCCACG
STRG.1.1 gene=STRG.1 [16] [340] GAATTCCACGC
STRG.1.1 gene=STRG.1 [16] [341] AATTCCACGCT
STRG.1.1 gene=STRG.1 [16] [342] ATTCCACGCTA
STRG.1.1 gene=STRG.1 [16] [343] TTCCACGCTAA
STRG.1.1 gene=STRG.1 [16] [344] TCCACGCTAAT
STRG.1.1 gene=STRG.1 [16] [345] CCACGCTAATG
STRG.1.1 gene=STRG.1 [16] [346] CACGCTAATGG
STRG.1.1 gene=STRG.1 [16] [347] ACGCTAATGGC
STRG.1.1 gene=STRG.1 [16] [348] CGCTAATGGCG
STRG.1.1 gene=STRG.1 [16] [349] GCTAATGGCGC
STRG.1.1 gene=STRG.1 [16] [350] CTAATGGCGCT
STRG.1.1 gene=STRG.1 [16] [351] TAATGGCGCTA
STRG.1.1 gene=STRG.1 [16] [352] AATGGCGCTAC
STRG.1.1 gene=STRG.1 [16] [353] ATGGCGCTACG
STRG.1.1 gene=STRG.1 [16] [354] TGGCGCTACGT
STRG.1.1 gene=STRG.1 [16] [355] GGCGCTACGTA
STRG.1.1 gene=STRG.1 [16] [356] GCGCTACGTAT
STRG.1.1 gene=STRG.1 [16] [357] CGCTACGTATT
STRG.1.1 gene=STRG.1 [16] [358] GCTACGTATTC
STRG.1.1 gene=STRG.1 [16] [359] CTACGTATTCA
STRG.1.1 gene=STRG.1 [16] [360] TACGTATTCAA
STRG.1.1 gene=STRG.1 [16] [361] ACGTATTCAAC
STRG.1.1 gene=STRG.1 [16] [362] CGTATTCAACT
STRG.1.1 gene=STRG.1 [16] [363] GTATTCAACTT
STRG.1.1 gene=STRG.1 [16] [364] TATTCAACTTG
STRG.1.1 gene=STRG.1 [16] [365] ATTCAACTTGG
STRG.1.1 gene=STRG.1 [16] [366] TTCAACTTGGA
STRG.1.1 gene=STRG.1 [16] [367] TCAACTTGGAA
STRG.1.1 gene=STRG.1 [16] [368] CAACTTGGAAT
STRG.1.1 gene=STRG.1 [16] [369] AACTTGGAATA
STRG.1.1 gene=STRG.1 [16] [370] ACTTGGAATAG
STRG.1.1 gene=STRG.1 [16] [371] CTTGGAATAGT
STRG.1.1 gene=STRG.1 [16] [372] TTGGAATAGTC
STRG.1.1 gene=STRG.1 [16] [373] TGGAATAGTCG
STRG.1.1 gene=STRG.1 [16] [374] GGAATAGTCGT
STRG.1.1 gene=STRG.1 [16] [375] GAATAGTCGTC
STRG.1.1 gene=STRG.1 [16] [376] AATAGTCGTCC
STRG.1.1 gene=STRG.1 [16] [377] ATAGTCGTCCT
STRG.1.1 gene=STRG.1 [16] [378] TAGTCGTCCTG
STRG.1.1 gene=STRG.1 [16] [379] AGTCGTCCTGC
STRG.1.1 gene=STRG.1 [16] [380] GTCGTCCTGCC
STRG.1.1 gene=STRG.1 [16] [381] TCGTCCTGCCC
STRG.1.1 gene=STRG.1 [16] [382] CGTCCTGCCCA
STRG.1.1 gene=STRG.1 [16] [383] GTCCTGCCCAG
STRG.1.1 gene=STRG.1 [16] [384] TCCTGCCCAGG
STRG.1.1 gene=STRG.1 [16] [385] CCTGCCCAGGT
STRG.1.1 gene=STRG.1 [16] [386] CTGCCCAGGTG
STRG.1.1 gene=STRG.1 [16] [387] TGCCCAGGTGG
STRG.1.1 gene=STRG.1 [16] [388] GCCCAGGTGGG
STRG.1.1 gene=STRG.1 [16] [389] CCCAGGTGGGC
STRG.1.1 gene=STRG.1 [16] [390] CCAGGTGGGCA
STRG.1.1 gene=STRG.1 [16] [391] CAGGTGGGCAT
STRG.1.1 gene=STRG.1 [16] [392] AGGTGGGCATT
STRG.1.1 gene=STRG.1 [16] [393] GGTGGGCATTT
STRG.1.1 gene=STRG.1 [16] [394] GTGGGCATTTA
STRG.1.1 gene=STRG.1 [16] [395] TGGGCATTTAT
STRG.1.1 gene=STRG.1 [16] [396] GGGCATTTATC
STRG.1.1 gene=STRG.1 [16] [397] GGCATTTATCA
STRG.1.1 gene=STRG.1 [16] [398] GCATTTATCAT
STRG.1.1 gene=STRG.1 [16] [399] CATTTATCATC
STRG.1.1 gene=STRG.1 [16] [400] ATTTATCATCA
STRG.1.1 gene=STRG.1 [16] [401] TTTATCATCAT
STRG.1.1 gene=STRG.1 [16] [402] TTATCATCATC
STRG.1.1 gene=STRG.1 [16] [403] TATCATCATCA
STRG.1.1 gene=STRG.1 [16] [404, 82907] ATCATCATCAG
STRG.1.1 gene=STRG.1 [16] [405] TCATCATCAGC
STRG.1.1 gene=STRG.1 [16] [406] CATCATCAGCA
STRG.1.1 gene=STRG.1 [16] [407] ATCATCAGCAG
STRG.1.1 gene=STRG.1 [16] [408] TCATCAGCAGC
STRG.1.1 gene=STRG.1 [16] [409] CATCAGCAGCC
STRG.1.1 gene=STRG.1 [16] [410] ATCAGCAGCCT
STRG.1.1 gene=STRG.1 [16] [411] TCAGCAGCCTG
STRG.1.1 gene=STRG.1 [16] [412] CAGCAGCCTGA
STRG.1.1 gene=STRG.1 [16] [413] AGCAGCCTGAC
STRG.1.1 gene=STRG.1 [16] [414] GCAGCCTGACT
STRG.1.1 gene=STRG.1 [16] [415] CAGCCTGACTG
STRG.1.1 gene=STRG.1 [16] [416] AGCCTGACTGG
STRG.1.1 gene=STRG.1 [16] [417] GCCTGACTGGC
STRG.1.1 gene=STRG.1 [16] [418] CCTGACTGGCG
STRG.1.1 gene=STRG.1 [16] [419] CTGACTGGCGG
STRG.1.1 gene=STRG.1 [16] [420] TGACTGGCGGC
STRG.1.1 gene=STRG.1 [16] [421] GACTGGCGGCA
STRG.1.1 gene=STRG.1 [16] [422] ACTGGCGGCAT
STRG.1.1 gene=STRG.1 [16] [423] CTGGCGGCATA
STRG.1.1 gene=STRG.1 [16] [424] TGGCGGCATAT
STRG.1.1 gene=STRG.1 [16] [425] GGCGGCATATT
STRG.1.1 gene=STRG.1 [16] [426] GCGGCATATTG
STRG.1.1 gene=STRG.1 [16] [427] CGGCATATTGA
STRG.1.1 gene=STRG.1 [16] [428] GGCATATTGAA
STRG.1.1 gene=STRG.1 [16] [429, 36790] GCATATTGAAT
STRG.1.1 gene=STRG.1 [16] [430] CATATTGAATA
STRG.1.1 gene=STRG.1 [16] [431] ATATTGAATAT
STRG.1.1 gene=STRG.1 [16] [432] TATTGAATATT
STRG.1.1 gene=STRG.1 [16] [433] ATTGAATATTT
STRG.1.1 gene=STRG.1 [16] [434] TTGAATATTTG
STRG.1.1 gene=STRG.1 [16] [435] TGAATATTTGG
STRG.1.1 gene=STRG.1 [16] [436] GAATATTTGGC
STRG.1.1 gene=STRG.1 [16] [437] AATATTTGGCT
STRG.1.1 gene=STRG.1 [16] [438, 25541] ATATTTGGCTT
STRG.1.1 gene=STRG.1 [16] [439] TATTTGGCTTT
STRG.1.1 gene=STRG.1 [16] [440] ATTTGGCTTTT
STRG.1.1 gene=STRG.1 [16] [441, 66219] TTTGGCTTTTT
STRG.1.1 gene=STRG.1 [16] [442, 66220] TTGGCTTTTTG
STRG.1.1 gene=STRG.1 [16] [443, 66221] TGGCTTTTTGC
STRG.1.1 gene=STRG.1 [16] [444] GGCTTTTTGCC
STRG.1.1 gene=STRG.1 [16] [445] GCTTTTTGCCT
STRG.1.1 gene=STRG.1 [16] [446] CTTTTTGCCTA
STRG.1.1 gene=STRG.1 [16] [447] TTTTTGCCTAC
STRG.1.1 gene=STRG.1 [16] [448] TTTTGCCTACT
STRG.1.1 gene=STRG.1 [16] [449] TTTGCCTACTC
STRG.1.1 gene=STRG.1 [16] [450] TTGCCTACTCC
STRG.1.1 gene=STRG.1 [16] [451] TGCCTACTCCG
STRG.1.1 gene=STRG.1 [16] [452] GCCTACTCCGC
STRG.1.1 gene=STRG.1 [16] [453] CCTACTCCGCA
STRG.1.1 gene=STRG.1 [16] [454] CTACTCCGCAA
STRG.1.1 gene=STRG.1 [16] [455] TACTCCGCAAA
STRG.1.1 gene=STRG.1 [16] [456] ACTCCGCAAAT
STRG.1.1 gene=STRG.1 [16] [457] CTCCGCAAATG
STRG.1.1 gene=STRG.1 [16] [458] TCCGCAAATGA
STRG.1.1 gene=STRG.1 [16] [459] CCGCAAATGAA
STRG.1.1 gene=STRG.1 [16] [460] CGCAAATGAAT
STRG.1.1 gene=STRG.1 [16] [461] GCAAATGAATA
STRG.1.1 gene=STRG.1 [16] [462] CAAATGAATAT
STRG.1.1 gene=STRG.1 [16] [463] AAATGAATATT
STRG.1.1 gene=STRG.1 [16] [464] AATGAATATTA
STRG.1.1 gene=STRG.1 [16] [465] ATGAATATTAA
STRG.1.1 gene=STRG.1 [16] [466] TGAATATTAAC
STRG.1.1 gene=STRG.1 [16] [467] GAATATTAACG
STRG.1.1 gene=STRG.1 [16] [468] AATATTAACGG
STRG.1.1 gene=STRG.1 [16] [469] ATATTAACGGT
STRG.1.1 gene=STRG.1 [16] [470] TATTAACGGTT
STRG.1.1 gene=STRG.1 [16] [471] ATTAACGGTTG
STRG.1.1 gene=STRG.1 [16] [472] TTAACGGTTGG
STRG.1.1 gene=STRG.1 [16] [473] TAACGGTTGGC
STRG.1.1 gene=STRG.1 [16] [474] AACGGTTGGCC
STRG.1.1 gene=STRG.1 [16] [475] ACGGTTGGCCG
STRG.1.1 gene=STRG.1 [16] [476] CGGTTGGCCGG
STRG.1.1 gene=STRG.1 [16] [477] GGTTGGCCGGG
STRG.1.1 gene=STRG.1 [16] [478] GTTGGCCGGGG
STRG.1.1 gene=STRG.1 [16] [479] TTGGCCGGGGG
STRG.1.1 gene=STRG.1 [16] [480] TGGCCGGGGGG
STRG.1.1 gene=STRG.1 [16] [481] GGCCGGGGGGA
STRG.1.1 gene=STRG.1 [16] [482] GCCGGGGGGAC
STRG.1.1 gene=STRG.1 [16] [483] CCGGGGGGACT
STRG.1.1 gene=STRG.1 [16] [484] CGGGGGGACTC
STRG.1.1 gene=STRG.1 [16] [485] GGGGGGACTCA
STRG.1.1 gene=STRG.1 [16] [486] GGGGGACTCAA
STRG.1.1 gene=STRG.1 [16] [487] GGGGACTCAAC
STRG.1.1 gene=STRG.1 [16] [488] GGGACTCAACT
STRG.1.1 gene=STRG.1 [16] [489] GGACTCAACTC
STRG.1.1 gene=STRG.1 [16] [490] GACTCAACTCA
STRG.1.1 gene=STRG.1 [16] [491] ACTCAACTCAA
STRG.1.1 gene=STRG.1 [16] [492] CTCAACTCAAC
STRG.1.1 gene=STRG.1 [16] [493] TCAACTCAACC
STRG.1.1 gene=STRG.1 [16] [494] CAACTCAACCC
STRG.1.1 gene=STRG.1 [16] [495] AACTCAACCCA
STRG.1.1 gene=STRG.1 [16] [496] ACTCAACCCAA
STRG.1.1 gene=STRG.1 [16] [497] CTCAACCCAAC
STRG.1.1 gene=STRG.1 [16] [498] TCAACCCAACC
STRG.1.1 gene=STRG.1 [16] [499] CAACCCAACCC
STRG.1.1 gene=STRG.1 [16] [500] AACCCAACCCA
STRG.1.1 gene=STRG.1 [16] [501] ACCCAACCCAT
STRG.1.1 gene=STRG.1 [16] [502] CCCAACCCATC
STRG.1.1 gene=STRG.1 [16] [503] CCAACCCATCC
STRG.1.1 gene=STRG.1 [16] [504] CAACCCATCCA
STRG.1.1 gene=STRG.1 [16] [505] AACCCATCCAA
STRG.1.1 gene=STRG.1 [16] [506] ACCCATCCAAA
STRG.1.1 gene=STRG.1 [16] [507] CCCATCCAAAC
STRG.1.1 gene=STRG.1 [16] [508] CCATCCAAACC
STRG.1.1 gene=STRG.1 [16] [509] CATCCAAACCA
STRG.1.1 gene=STRG.1 [16] [510] ATCCAAACCAA
STRG.1.1 gene=STRG.1 [16] [511, 11193] TCCAAACCAAC
STRG.1.1 gene=STRG.1 [16] [512] CCAAACCAACC
STRG.1.1 gene=STRG.1 [16] [513] CAAACCAACCA
STRG.1.1 gene=STRG.1 [16] [514] AAACCAACCAC
STRG.1.1 gene=STRG.1 [16] [515] AACCAACCACC
STRG.1.1 gene=STRG.1 [16] [516] ACCAACCACCT
STRG.1.1 gene=STRG.1 [16] [517] CCAACCACCTA
STRG.1.1 gene=STRG.1 [16] [518] CAACCACCTAG
STRG.1.1 gene=STRG.1 [16] [519] AACCACCTAGC
STRG.1.1 gene=STRG.1 [16] [520] ACCACCTAGCT
STRG.1.1 gene=STRG.1 [16] [521] CCACCTAGCTC
STRG.1.1 gene=STRG.1 [16] [522] CACCTAGCTCC
STRG.1.1 gene=STRG.1 [16] [523] ACCTAGCTCCG
STRG.1.1 gene=STRG.1 [16] [524] CCTAGCTCCGC
STRG.1.1 gene=STRG.1 [16] [525] CTAGCTCCGCA
STRG.1.1 gene=STRG.1 [16] [526] TAGCTCCGCAT
STRG.1.1 gene=STRG.1 [16] [527] AGCTCCGCATT
STRG.1.1 gene=STRG.1 [16] [528] GCTCCGCATTC
STRG.1.1 gene=STRG.1 [16] [529] CTCCGCATTCG
STRG.1.1 gene=STRG.1 [16] [530] TCCGCATTCGG
STRG.1.1 gene=STRG.1 [16] [531] CCGCATTCGGG
STRG.1.1 gene=STRG.1 [16] [532] CGCATTCGGGT
STRG.1.1 gene=STRG.1 [16] [533] GCATTCGGGTG
STRG.1.1 gene=STRG.1 [16] [534] CATTCGGGTGG
STRG.1.1 gene=STRG.1 [16] [535] ATTCGGGTGGG
STRG.1.1 gene=STRG.1 [16] [536] TTCGGGTGGGA
STRG.1.1 gene=STRG.1 [16] [537] TCGGGTGGGAA
STRG.1.1 gene=STRG.1 [16] [538] CGGGTGGGAAT
STRG.1.1 gene=STRG.1 [16] [539] GGGTGGGAATT
STRG.1.1 gene=STRG.1 [16] [540] GGTGGGAATTA
STRG.1.1 gene=STRG.1 [16] [541] GTGGGAATTAT
STRG.1.1 gene=STRG.1 [16] [542] TGGGAATTATT
STRG.1.1 gene=STRG.1 [16] [543] GGGAATTATTC
STRG.1.1 gene=STRG.1 [16] [544] GGAATTATTCA
STRG.1.1 gene=STRG.1 [16] [545] GAATTATTCAA
STRG.1.1 gene=STRG.1 [16] [546] AATTATTCAAA
STRG.1.1 gene=STRG.1 [16] [547] ATTATTCAAAT
STRG.1.1 gene=STRG.1 [16] [548] TTATTCAAATT
STRG.1.1 gene=STRG.1 [16] [549] TATTCAAATTT
STRG.1.1 gene=STRG.1 [16] [550] ATTCAAATTTC
STRG.1.1 gene=STRG.1 [16] [551] TTCAAATTTCG
STRG.1.1 gene=STRG.1 [16] [552] TCAAATTTCGA
STRG.1.1 gene=STRG.1 [16] [553] CAAATTTCGAC
STRG.1.1 gene=STRG.1 [16] [554] AAATTTCGACA
STRG.1.1 gene=STRG.1 [16] [555] AATTTCGACAA
STRG.1.1 gene=STRG.1 [16] [556] ATTTCGACAAA
STRG.1.1 gene=STRG.1 [16] [557] TTTCGACAAAA
STRG.1.1 gene=STRG.1 [16] [558] TTCGACAAAAG
STRG.1.1 gene=STRG.1 [16] [559] TCGACAAAAGG
STRG.1.1 gene=STRG.1 [16] [560] CGACAAAAGGT
STRG.1.1 gene=STRG.1 [16] [561] GACAAAAGGTG
STRG.1.1 gene=STRG.1 [16] [562] ACAAAAGGTGG
STRG.1.1 gene=STRG.1 [16] [563] CAAAAGGTGGC
STRG.1.1 gene=STRG.1 [16] [564] AAAAGGTGGCC
STRG.1.1 gene=STRG.1 [16] [565] AAAGGTGGCCG
STRG.1.1 gene=STRG.1 [16] [566] AAGGTGGCCGG
STRG.1.1 gene=STRG.1 [16] [567] AGGTGGCCGGG
STRG.1.1 gene=STRG.1 [16] [568] GGTGGCCGGGC
STRG.1.1 gene=STRG.1 [16] [569] GTGGCCGGGCT
STRG.1.1 gene=STRG.1 [16] [570] TGGCCGGGCTA
STRG.1.1 gene=STRG.1 [16] [571] GGCCGGGCTAA
STRG.1.1 gene=STRG.1 [16] [572] GCCGGGCTAAA
STRG.1.1 gene=STRG.1 [16] [573] CCGGGCTAAAA
STRG.1.1 gene=STRG.1 [16] [574] CGGGCTAAAAC
STRG.1.1 gene=STRG.1 [16] [575] GGGCTAAAACA
STRG.1.1 gene=STRG.1 [16] [576] GGCTAAAACAC
STRG.1.1 gene=STRG.1 [16] [577] GCTAAAACACG
STRG.1.1 gene=STRG.1 [16] [578] CTAAAACACGA
STRG.1.1 gene=STRG.1 [16] [579] TAAAACACGAA
STRG.1.1 gene=STRG.1 [16] [580, 98460] AAAACACGAAA
STRG.1.1 gene=STRG.1 [16] [581] AAACACGAAAC
STRG.1.1 gene=STRG.1 [16] [582] AACACGAAACG
STRG.1.1 gene=STRG.1 [16] [583] ACACGAAACGT
STRG.1.1 gene=STRG.1 [16] [584] CACGAAACGTG
STRG.1.1 gene=STRG.1 [16] [585] ACGAAACGTGT
STRG.1.1 gene=STRG.1 [16] [586] CGAAACGTGTT
STRG.1.1 gene=STRG.1 [16] [587] GAAACGTGTTC
STRG.1.1 gene=STRG.1 [16] [588] AAACGTGTTCC
STRG.1.1 gene=STRG.1 [16] [589] AACGTGTTCCG
STRG.1.1 gene=STRG.1 [16] [590] ACGTGTTCCGC
STRG.1.1 gene=STRG.1 [16] [591] CGTGTTCCGCA
STRG.1.1 gene=STRG.1 [16] [592] GTGTTCCGCAT
STRG.1.1 gene=STRG.1 [16] [593] TGTTCCGCATC
STRG.1.1 gene=STRG.1 [16] [594] GTTCCGCATCC
STRG.1.1 gene=STRG.1 [16] [595] TTCCGCATCCG
STRG.1.1 gene=STRG.1 [16] [596, 11548] TCCGCATCCGC
STRG.1.1 gene=STRG.1 [16] [597] CCGCATCCGCA
STRG.1.1 gene=STRG.1 [16] [598] CGCATCCGCAA
STRG.1.1 gene=STRG.1 [16] [599] GCATCCGCAAA
STRG.1.1 gene=STRG.1 [16] [600] CATCCGCAAAA
STRG.1.1 gene=STRG.1 [16] [601] ATCCGCAAAAT
STRG.1.1 gene=STRG.1 [16] [602] TCCGCAAAATC
STRG.1.1 gene=STRG.1 [16] [603] CCGCAAAATCC
STRG.1.1 gene=STRG.1 [16] [604] CGCAAAATCCT
STRG.1.1 gene=STRG.1 [16] [605] GCAAAATCCTT
STRG.1.1 gene=STRG.1 [16] [606] CAAAATCCTTT
STRG.1.1 gene=STRG.1 [16] [607] AAAATCCTTTG
STRG.1.1 gene=STRG.1 [16] [608] AAATCCTTTGA
STRG.1.1 gene=STRG.1 [16] [609] AATCCTTTGAG
STRG.1.1 gene=STRG.1 [16] [610] ATCCTTTGAGC
STRG.1.1 gene=STRG.1 [16] [611] TCCTTTGAGCA
STRG.1.1 gene=STRG.1 [16] [612] CCTTTGAGCAA
STRG.1.1 gene=STRG.1 [16] [613] CTTTGAGCAAA
STRG.1.1 gene=STRG.1 [16] [614] TTTGAGCAAAC
STRG.1.1 gene=STRG.1 [16] [615] TTGAGCAAACA
STRG.1.1 gene=STRG.1 [16] [616, 30031] TGAGCAAACAC
STRG.1.1 gene=STRG.1 [16] [617, 30032] GAGCAAACACA
STRG.1.1 gene=STRG.1 [16] [618] AGCAAACACAC
STRG.1.1 gene=STRG.1 [16] [619, 36631] GCAAACACACG
STRG.1.1 gene=STRG.1 [16] [620] CAAACACACGG
STRG.1.1 gene=STRG.1 [16] [621] AAACACACGGG
STRG.1.1 gene=STRG.1 [16] [622] AACACACGGGG
STRG.1.1 gene=STRG.1 [16] [623] ACACACGGGGC
STRG.1.1 gene=STRG.1 [16] [624] CACACGGGGCA
STRG.1.1 gene=STRG.1 [16] [625] ACACGGGGCAA
STRG.1.1 gene=STRG.1 [16] [626] CACGGGGCAAA
STRG.1.1 gene=STRG.1 [16] [627] ACGGGGCAAAG
STRG.1.1 gene=STRG.1 [16] [628] CGGGGCAAAGG
STRG.1.1 gene=STRG.1 [16] [629] GGGGCAAAGGC
STRG.1.1 gene=STRG.1 [16] [630] GGGCAAAGGCT
STRG.1.1 gene=STRG.1 [16] [631] GGCAAAGGCTA
STRG.1.1 gene=STRG.1 [16] [632] GCAAAGGCTAA
STRG.1.1 gene=STRG.1 [16] [633] CAAAGGCTAAA
STRG.1.1 gene=STRG.1 [16] [634] AAAGGCTAAAA
STRG.1.1 gene=STRG.1 [16] [635] AAGGCTAAAAT
STRG.1.1 gene=STRG.1 [16] [636] AGGCTAAAATG
STRG.1.1 gene=STRG.1 [16] [637] GGCTAAAATGA
STRG.1.1 gene=STRG.1 [16] [638] GCTAAAATGAC
STRG.1.1 gene=STRG.1 [16] [639] CTAAAATGACA
STRG.1.1 gene=STRG.1 [16] [640] TAAAATGACAC
STRG.1.1 gene=STRG.1 [16] [641] AAAATGACACC
STRG.1.1 gene=STRG.1 [16] [642] AAATGACACCA
STRG.1.1 gene=STRG.1 [16] [643] AATGACACCAG
STRG.1.1 gene=STRG.1 [16] [644] ATGACACCAGC
STRG.1.1 gene=STRG.1 [16] [645] TGACACCAGCG
STRG.1.1 gene=STRG.1 [16] [646] GACACCAGCGG
STRG.1.1 gene=STRG.1 [16] [647] ACACCAGCGGC
STRG.1.1 gene=STRG.1 [16] [648] CACCAGCGGCT
STRG.1.1 gene=STRG.1 [16] [649] ACCAGCGGCTA
STRG.1.1 gene=STRG.1 [16] [650] CCAGCGGCTAT
STRG.1.1 gene=STRG.1 [16] [651] CAGCGGCTATA
STRG.1.1 gene=STRG.1 [16] [652] AGCGGCTATAT
STRG.1.1 gene=STRG.1 [16] [653] GCGGCTATATT
STRG.1.1 gene=STRG.1 [16] [654] CGGCTATATTG
STRG.1.1 gene=STRG.1 [16] [655] GGCTATATTGT
STRG.1.1 gene=STRG.1 [16] [656] GCTATATTGTT
STRG.1.1 gene=STRG.1 [16] [657] CTATATTGTTG
STRG.1.1 gene=STRG.1 [16] [658] TATATTGTTGT
STRG.1.1 gene=STRG.1 [16] [659] ATATTGTTGTA
STRG.1.1 gene=STRG.1 [16] [660] TATTGTTGTAT
STRG.1.1 gene=STRG.1 [16] [661] ATTGTTGTATG
STRG.1.1 gene=STRG.1 [16] [662] TTGTTGTATGT
STRG.1.1 gene=STRG.1 [16] [663] TGTTGTATGTC
STRG.1.1 gene=STRG.1 [16] [664] GTTGTATGTCG
STRG.1.1 gene=STRG.1 [16] [665] TTGTATGTCGT
STRG.1.1 gene=STRG.1 [16] [666] TGTATGTCGTC
STRG.1.1 gene=STRG.1 [16] [667] GTATGTCGTCG
STRG.1.1 gene=STRG.1 [16] [668] TATGTCGTCGT
STRG.1.1 gene=STRG.1 [16] [669] ATGTCGTCGTC
STRG.1.1 gene=STRG.1 [16] [670] TGTCGTCGTCC
STRG.1.1 gene=STRG.1 [16] [671] GTCGTCGTCCC
STRG.1.1 gene=STRG.1 [16] [672] TCGTCGTCCCC
STRG.1.1 gene=STRG.1 [16] [673] CGTCGTCCCCA
STRG.1.1 gene=STRG.1 [16] [674] GTCGTCCCCAG
STRG.1.1 gene=STRG.1 [16] [675] TCGTCCCCAGC
STRG.1.1 gene=STRG.1 [16] [676] CGTCCCCAGCC
STRG.1.1 gene=STRG.1 [16] [677] GTCCCCAGCCA
STRG.1.1 gene=STRG.1 [16] [678] TCCCCAGCCAT
STRG.1.1 gene=STRG.1 [16] [679] CCCCAGCCATT
STRG.1.1 gene=STRG.1 [16] [680] CCCAGCCATTA
STRG.1.1 gene=STRG.1 [16] [681] CCAGCCATTAA
STRG.1.1 gene=STRG.1 [16] [682] CAGCCATTAAA
STRG.1.1 gene=STRG.1 [16] [683] AGCCATTAAAA
STRG.1.1 gene=STRG.1 [16] [684] GCCATTAAAAC
STRG.1.1 gene=STRG.1 [16] [685] CCATTAAAACT
STRG.1.1 gene=STRG.1 [16] [686] CATTAAAACTA
STRG.1.1 gene=STRG.1 [16] [687] ATTAAAACTAC
STRG.1.1 gene=STRG.1 [16] [688] TTAAAACTACG
STRG.1.1 gene=STRG.1 [16] [689] TAAAACTACGC
STRG.1.1 gene=STRG.1 [16] [690] AAAACTACGCT
STRG.1.1 gene=STRG.1 [16] [691] AAACTACGCTC
STRG.1.1 gene=STRG.1 [16] [692] AACTACGCTCC
STRG.1.1 gene=STRG.1 [16] [693] ACTACGCTCCA
STRG.1.1 gene=STRG.1 [16] [694] CTACGCTCCAC
STRG.1.1 gene=STRG.1 [16] [695] TACGCTCCACT
STRG.1.1 gene=STRG.1 [16] [696] ACGCTCCACTG
STRG.1.1 gene=STRG.1 [16] [697] CGCTCCACTGA
STRG.1.1 gene=STRG.1 [16] [698] GCTCCACTGAC
STRG.1.1 gene=STRG.1 [16] [699] CTCCACTGACT
STRG.1.1 gene=STRG.1 [16] [700] TCCACTGACTG
STRG.1.1 gene=STRG.1 [16] [701] CCACTGACTGC
STRG.1.1 gene=STRG.1 [16] [702] CACTGACTGCC
STRG.1.1 gene=STRG.1 [16] [703] ACTGACTGCCG
STRG.1.1 gene=STRG.1 [16] [704] CTGACTGCCGA
STRG.1.1 gene=STRG.1 [16] [705] TGACTGCCGAA
STRG.1.1 gene=STRG.1 [16] [706] GACTGCCGAAT
STRG.1.1 gene=STRG.1 [16] [707] ACTGCCGAATG
STRG.1.1 gene=STRG.1 [16] [708] CTGCCGAATGT
STRG.1.1 gene=STRG.1 [16] [709] TGCCGAATGTT
STRG.1.1 gene=STRG.1 [16] [710] GCCGAATGTTG
STRG.1.1 gene=STRG.1 [16] [711] CCGAATGTTGA
STRG.1.1 gene=STRG.1 [16] [712] CGAATGTTGAA
STRG.1.1 gene=STRG.1 [16] [713] GAATGTTGAAT
STRG.1.1 gene=STRG.1 [16] [714] AATGTTGAATG
STRG.1.1 gene=STRG.1 [16] [715] ATGTTGAATGC
STRG.1.1 gene=STRG.1 [16] [716] TGTTGAATGCT
STRG.1.1 gene=STRG.1 [16] [717] GTTGAATGCTG
STRG.1.1 gene=STRG.1 [16] [718, 36795] TTGAATGCTGC
STRG.1.1 gene=STRG.1 [16] [719] TGAATGCTGCC
STRG.1.1 gene=STRG.1 [16] [720] GAATGCTGCCT
STRG.1.1 gene=STRG.1 [16] [721] AATGCTGCCTT
STRG.1.1 gene=STRG.1 [16] [722] ATGCTGCCTTT
STRG.1.1 gene=STRG.1 [16] [723] TGCTGCCTTTA
STRG.1.1 gene=STRG.1 [16] [724] GCTGCCTTTAT
STRG.1.1 gene=STRG.1 [16] [725] CTGCCTTTATG
STRG.1.1 gene=STRG.1 [16] [726] TGCCTTTATGC
STRG.1.1 gene=STRG.1 [16] [727] GCCTTTATGCA
STRG.1.1 gene=STRG.1 [16] [728] CCTTTATGCAA
STRG.1.1 gene=STRG.1 [16] [729] CTTTATGCAAA
STRG.1.1 gene=STRG.1 [16] [730, 74868] TTTATGCAAAT
STRG.1.1 gene=STRG.1 [16] [731] TTATGCAAATC
STRG.1.1 gene=STRG.1 [16] [732] TATGCAAATCC
STRG.1.1 gene=STRG.1 [16] [733] ATGCAAATCCC
STRG.1.1 gene=STRG.1 [16] [734] TGCAAATCCCC
STRG.1.1 gene=STRG.1 [16] [735] GCAAATCCCCC
STRG.1.1 gene=STRG.1 [16] [736] CAAATCCCCCA
STRG.1.1 gene=STRG.1 [16] [737] AAATCCCCCAA
STRG.1.1 gene=STRG.1 [16] [738] AATCCCCCAAA
STRG.1.1 gene=STRG.1 [16] [739] ATCCCCCAAAA
STRG.1.1 gene=STRG.1 [16] [740] TCCCCCAAAAA
STRG.1.1 gene=STRG.1 [16] [741] CCCCCAAAAAA
STRG.1.1 gene=STRG.1 [16] [742] CCCCAAAAAAG
STRG.1.1 gene=STRG.1 [16] [743] CCCAAAAAAGG
STRG.1.1 gene=STRG.1 [16] [744] CCAAAAAAGGA
STRG.1.1 gene=STRG.1 [16] [745] CAAAAAAGGAG
STRG.1.1 gene=STRG.1 [16] [746] AAAAAAGGAGA
STRG.1.1 gene=STRG.1 [16] [747] AAAAAGGAGAT
STRG.1.1 gene=STRG.1 [16] [748] AAAAGGAGATG
STRG.1.1 gene=STRG.1 [16] [749] AAAGGAGATGG
STRG.1.1 gene=STRG.1 [16] [750] AAGGAGATGGC
STRG.1.1 gene=STRG.1 [16] [751] AGGAGATGGCT
STRG.1.1 gene=STRG.1 [16] [752] GGAGATGGCTG
STRG.1.1 gene=STRG.1 [16] [753] GAGATGGCTGG
STRG.1.1 gene=STRG.1 [16] [754] AGATGGCTGGA
STRG.1.1 gene=STRG.1 [16] [755] GATGGCTGGAA
STRG.1.1 gene=STRG.1 [16] [756] ATGGCTGGAAG
STRG.1.1 gene=STRG.1 [16] [757] TGGCTGGAAGG
STRG.1.1 gene=STRG.1 [16] [758] GGCTGGAAGGA
STRG.1.1 gene=STRG.1 [16] [759] GCTGGAAGGAA
STRG.1.1 gene=STRG.1 [16] [760] CTGGAAGGAAT
STRG.1.1 gene=STRG.1 [16] [761] TGGAAGGAATT
STRG.1.1 gene=STRG.1 [16] [762] GGAAGGAATTT
STRG.1.1 gene=STRG.1 [16] [763] GAAGGAATTTG
STRG.1.1 gene=STRG.1 [16] [764] AAGGAATTTGC
STRG.1.1 gene=STRG.1 [16] [765] AGGAATTTGCT
STRG.1.1 gene=STRG.1 [16] [766] GGAATTTGCTG
STRG.1.1 gene=STRG.1 [16] [767] GAATTTGCTGT
STRG.1.1 gene=STRG.1 [16] [768] AATTTGCTGTC
STRG.1.1 gene=STRG.1 [16] [769] ATTTGCTGTCG
STRG.1.1 gene=STRG.1 [16] [770] TTTGCTGTCGT
STRG.1.1 gene=STRG.1 [16] [771] TTGCTGTCGTC
STRG.1.1 gene=STRG.1 [16] [772] TGCTGTCGTCT
STRG.1.1 gene=STRG.1 [16] [773] GCTGTCGTCTG
STRG.1.1 gene=STRG.1 [16] [774] CTGTCGTCTGG
STRG.1.1 gene=STRG.1 [16] [775] TGTCGTCTGGT
STRG.1.1 gene=STRG.1 [16] [776] GTCGTCTGGTT
STRG.1.1 gene=STRG.1 [16] [777] TCGTCTGGTTG
STRG.1.1 gene=STRG.1 [16] [778] CGTCTGGTTGC
STRG.1.1 gene=STRG.1 [16] [779] GTCTGGTTGCC
STRG.1.1 gene=STRG.1 [16] [780] TCTGGTTGCCA
STRG.1.1 gene=STRG.1 [16] [781] CTGGTTGCCAT
STRG.1.1 gene=STRG.1 [16] [782] TGGTTGCCATG
STRG.1.1 gene=STRG.1 [16] [783] GGTTGCCATGA
STRG.1.1 gene=STRG.1 [16] [784] GTTGCCATGAA
STRG.1.1 gene=STRG.1 [16] [785] TTGCCATGAAA
STRG.1.1 gene=STRG.1 [16] [786] TGCCATGAAAA
STRG.1.1 gene=STRG.1 [16] [787] GCCATGAAAAA
STRG.1.1 gene=STRG.1 [16] [788] CCATGAAAAAT
STRG.1.1 gene=STRG.1 [16] [789, 29219] CATGAAAAATT
STRG.1.1 gene=STRG.1 [16] [790] ATGAAAAATTG
STRG.1.1 gene=STRG.1 [16] [791] TGAAAAATTGA
STRG.1.1 gene=STRG.1 [16] [792] GAAAAATTGAC
STRG.1.1 gene=STRG.1 [16] [793] AAAAATTGACA
STRG.1.1 gene=STRG.1 [16] [794] AAAATTGACAC
STRG.1.1 gene=STRG.1 [16] [795] AAATTGACACC
STRG.1.1 gene=STRG.1 [16] [796] AATTGACACCT
STRG.1.1 gene=STRG.1 [16] [797] ATTGACACCTC
STRG.1.1 gene=STRG.1 [16] [798] TTGACACCTCA
STRG.1.1 gene=STRG.1 [16] [799] TGACACCTCAT
STRG.1.1 gene=STRG.1 [16] [800] GACACCTCATC
STRG.1.1 gene=STRG.1 [16] [801] ACACCTCATCG
STRG.1.1 gene=STRG.1 [16] [802] CACCTCATCGC
STRG.1.1 gene=STRG.1 [16] [803] ACCTCATCGCC
STRG.1.1 gene=STRG.1 [16] [804] CCTCATCGCCT
STRG.1.1 gene=STRG.1 [16] [805] CTCATCGCCTT
STRG.1.1 gene=STRG.1 [16] [806] TCATCGCCTTT
STRG.1.1 gene=STRG.1 [16] [807] CATCGCCTTTC
STRG.1.1 gene=STRG.1 [16] [808] ATCGCCTTTCA
STRG.1.1 gene=STRG.1 [16] [809] TCGCCTTTCAA
STRG.1.1 gene=STRG.1 [16] [810] CGCCTTTCAAT
STRG.1.1 gene=STRG.1 [16] [811] GCCTTTCAATG
STRG.1.1 gene=STRG.1 [16] [812] CCTTTCAATGG
STRG.1.1 gene=STRG.1 [16] [813] CTTTCAATGGA
STRG.1.1 gene=STRG.1 [16] [814] TTTCAATGGAG
STRG.1.1 gene=STRG.1 [16] [815] TTCAATGGAGC
STRG.1.1 gene=STRG.1 [16] [816] TCAATGGAGCA
STRG.1.1 gene=STRG.1 [16] [817] CAATGGAGCAG
STRG.1.1 gene=STRG.1 [16] [818] AATGGAGCAGC
STRG.1.1 gene=STRG.1 [16] [819] ATGGAGCAGCT
STRG.1.1 gene=STRG.1 [16] [820] TGGAGCAGCTA
STRG.1.1 gene=STRG.1 [16] [821] GGAGCAGCTAG
STRG.1.1 gene=STRG.1 [16] [822] GAGCAGCTAGG
STRG.1.1 gene=STRG.1 [16] [823] AGCAGCTAGGA
STRG.1.1 gene=STRG.1 [16] [824] GCAGCTAGGAG
STRG.1.1 gene=STRG.1 [16] [825] CAGCTAGGAGC
STRG.1.1 gene=STRG.1 [16] [826] AGCTAGGAGCA
STRG.1.1 gene=STRG.1 [16] [827] GCTAGGAGCAG
STRG.1.1 gene=STRG.1 [16] [828] CTAGGAGCAGC
STRG.1.1 gene=STRG.1 [16] [829] TAGGAGCAGCC
STRG.1.1 gene=STRG.1 [16] [830] AGGAGCAGCCA
STRG.1.1 gene=STRG.1 [16] [831] GGAGCAGCCAG
STRG.1.1 gene=STRG.1 [16] [832] GAGCAGCCAGG
STRG.1.1 gene=STRG.1 [16] [833] AGCAGCCAGGA
STRG.1.1 gene=STRG.1 [16] [834] GCAGCCAGGAG
STRG.1.1 gene=STRG.1 [16] [835] CAGCCAGGAGC
STRG.1.1 gene=STRG.1 [16] [836] AGCCAGGAGCT
STRG.1.1 gene=STRG.1 [16] [837] GCCAGGAGCTC
STRG.1.1 gene=STRG.1 [16] [838] CCAGGAGCTCC
STRG.1.1 gene=STRG.1 [16] [839] CAGGAGCTCCG
STRG.1.1 gene=STRG.1 [16] [840] AGGAGCTCCGC
STRG.1.1 gene=STRG.1 [16] [841] GGAGCTCCGCT
STRG.1.1 gene=STRG.1 [16] [842] GAGCTCCGCTC
STRG.1.1 gene=STRG.1 [16] [843] AGCTCCGCTCG
STRG.1.1 gene=STRG.1 [16] [844] GCTCCGCTCGT
STRG.1.1 gene=STRG.1 [16] [845] CTCCGCTCGTG
STRG.1.1 gene=STRG.1 [16] [846] TCCGCTCGTGG
STRG.1.1 gene=STRG.1 [16] [847] CCGCTCGTGGG
STRG.1.1 gene=STRG.1 [16] [848] CGCTCGTGGGT
STRG.1.1 gene=STRG.1 [16] [849] GCTCGTGGGTG
STRG.1.1 gene=STRG.1 [16] [850] CTCGTGGGTGA
STRG.1.1 gene=STRG.1 [16] [851] TCGTGGGTGAA
STRG.1.1 gene=STRG.1 [16] [852] CGTGGGTGAAA
STRG.1.1 gene=STRG.1 [16] [853] GTGGGTGAAAG
STRG.1.1 gene=STRG.1 [16] [854] TGGGTGAAAGA
STRG.1.1 gene=STRG.1 [16] [855] GGGTGAAAGAC
STRG.1.1 gene=STRG.1 [16] [856] GGTGAAAGACT
STRG.1.1 gene=STRG.1 [16] [857] GTGAAAGACTG
STRG.1.1 gene=STRG.1 [16] [858] TGAAAGACTGC
STRG.1.1 gene=STRG.1 [16] [859] GAAAGACTGCG
STRG.1.1 gene=STRG.1 [16] [860] AAAGACTGCGG
STRG.1.1 gene=STRG.1 [16] [861] AAGACTGCGGC
STRG.1.1 gene=STRG.1 [16] [862] AGACTGCGGCT
STRG.1.1 gene=STRG.1 [16] [863] GACTGCGGCTG
STRG.1.1 gene=STRG.1 [16] [864] ACTGCGGCTGA
STRG.1.1 gene=STRG.1 [16] [865] CTGCGGCTGAT
STRG.1.1 gene=STRG.1 [16] [866] TGCGGCTGATT
STRG.1.1 gene=STRG.1 [16] [867] GCGGCTGATTG
STRG.1.1 gene=STRG.1 [16] [868] CGGCTGATTGA
STRG.1.1 gene=STRG.1 [16] [869] GGCTGATTGAA
STRG.1.1 gene=STRG.1 [16] [870] GCTGATTGAAC
STRG.1.1 gene=STRG.1 [16] [871] CTGATTGAACT
STRG.1.1 gene=STRG.1 [16] [872] TGATTGAACTG
STRG.1.1 gene=STRG.1 [16] [873] GATTGAACTGA
STRG.1.1 gene=STRG.1 [16] [874] ATTGAACTGAA
STRG.1.1 gene=STRG.1 [16] [875] TTGAACTGAAC
STRG.1.1 gene=STRG.1 [16] [876] TGAACTGAACC
STRG.1.1 gene=STRG.1 [16] [877] GAACTGAACCG
STRG.1.1 gene=STRG.1 [16] [878] AACTGAACCGT
STRG.1.1 gene=STRG.1 [16] [879] ACTGAACCGTG
STRG.1.1 gene=STRG.1 [16] [880] CTGAACCGTGT
STRG.1.1 gene=STRG.1 [16] [881] TGAACCGTGTC
STRG.1.1 gene=STRG.1 [16] [882] GAACCGTGTCC
STRG.1.1 gene=STRG.1 [16] [883] AACCGTGTCCG
STRG.1.1 gene=STRG.1 [16] [884] ACCGTGTCCGG
STRG.1.1 gene=STRG.1 [16] [885] CCGTGTCCGGT
STRG.1.1 gene=STRG.1 [16] [886] CGTGTCCGGTT
STRG.1.1 gene=STRG.1 [16] [887] GTGTCCGGTTT
STRG.1.1 gene=STRG.1 [16] [888] TGTCCGGTTTT
STRG.1.1 gene=STRG.1 [16] [889] GTCCGGTTTTA
STRG.1.1 gene=STRG.1 [16] [890] TCCGGTTTTAA
STRG.1.1 gene=STRG.1 [16] [891] CCGGTTTTAAT
STRG.1.1 gene=STRG.1 [16] [892] CGGTTTTAATG
STRG.1.1 gene=STRG.1 [16] [893] GGTTTTAATGA
STRG.1.1 gene=STRG.1 [16] [894] GTTTTAATGAT
STRG.1.1 gene=STRG.1 [16] [895] TTTTAATGATC
STRG.1.1 gene=STRG.1 [16] [896] TTTAATGATCC
STRG.1.1 gene=STRG.1 [16] [897] TTAATGATCCT
STRG.1.1 gene=STRG.1 [16] [898] TAATGATCCTT
STRG.1.1 gene=STRG.1 [16] [899] AATGATCCTTC
STRG.1.1 gene=STRG.1 [16] [900] ATGATCCTTCG
STRG.1.1 gene=STRG.1 [16] [901] TGATCCTTCGG
STRG.1.1 gene=STRG.1 [16] [902] GATCCTTCGGC
STRG.1.1 gene=STRG.1 [16] [903] ATCCTTCGGCT
STRG.1.1 gene=STRG.1 [16] [904] TCCTTCGGCTA
STRG.1.1 gene=STRG.1 [16] [905] CCTTCGGCTAC
STRG.1.1 gene=STRG.1 [16] [906] CTTCGGCTACT
STRG.1.1 gene=STRG.1 [16] [907] TTCGGCTACTT
STRG.1.1 gene=STRG.1 [16] [908] TCGGCTACTTA
STRG.1.1 gene=STRG.1 [16] [909] CGGCTACTTAG
STRG.1.1 gene=STRG.1 [16] [910] GGCTACTTAGC
STRG.1.1 gene=STRG.1 [16] [911] GCTACTTAGCA
STRG.1.1 gene=STRG.1 [16] [912] CTACTTAGCAA
STRG.1.1 gene=STRG.1 [16] [913] TACTTAGCAAA
STRG.1.1 gene=STRG.1 [16] [914, 99281] ACTTAGCAAAA
STRG.1.1 gene=STRG.1 [16] [915] CTTAGCAAAAT
STRG.1.1 gene=STRG.1 [16] [916] TTAGCAAAATA
STRG.1.1 gene=STRG.1 [16] [917] TAGCAAAATAA
STRG.1.1 gene=STRG.1 [16] [918] AGCAAAATAAG
STRG.1.1 gene=STRG.1 [16] [919] GCAAAATAAGG
STRG.1.1 gene=STRG.1 [16] [920] CAAAATAAGGA
STRG.1.1 gene=STRG.1 [16] [921] AAAATAAGGAG
STRG.1.1 gene=STRG.1 [16] [922] AAATAAGGAGT
STRG.1.1 gene=STRG.1 [16] [923] AATAAGGAGTG
STRG.1.1 gene=STRG.1 [16] [924] ATAAGGAGTGA
STRG.1.1 gene=STRG.1 [16] [925] TAAGGAGTGAG
STRG.1.1 gene=STRG.1 [16] [926] AAGGAGTGAGC
STRG.1.1 gene=STRG.1 [16] [927] AGGAGTGAGCT
STRG.1.1 gene=STRG.1 [16] [928] GGAGTGAGCTC
STRG.1.1 gene=STRG.1 [16] [929] GAGTGAGCTCT
STRG.1.1 gene=STRG.1 [16] [930] AGTGAGCTCTT
STRG.1.1 gene=STRG.1 [16] [931] GTGAGCTCTTA
STRG.1.1 gene=STRG.1 [16] [932] TGAGCTCTTAA
STRG.1.1 gene=STRG.1 [16] [933] GAGCTCTTAAA
STRG.1.1 gene=STRG.1 [16] [934] AGCTCTTAAAC
STRG.1.1 gene=STRG.1 [16] [935] GCTCTTAAACT
STRG.1.1 gene=STRG.1 [16] [936] CTCTTAAACTG
STRG.1.1 gene=STRG.1 [16] [937] TCTTAAACTGG
STRG.1.1 gene=STRG.1 [16] [938] CTTAAACTGGC
STRG.1.1 gene=STRG.1 [16] [939] TTAAACTGGCA
STRG.1.1 gene=STRG.1 [16] [940] TAAACTGGCAT
STRG.1.1 gene=STRG.1 [16] [941] AAACTGGCATT
STRG.1.1 gene=STRG.1 [16] [942] AACTGGCATTT
STRG.1.1 gene=STRG.1 [16] [943] ACTGGCATTTT
STRG.1.1 gene=STRG.1 [16] [944] CTGGCATTTTA
STRG.1.1 gene=STRG.1 [16] [945, 77461] TGGCATTTTAA
STRG.1.1 gene=STRG.1 [16] [946] GGCATTTTAAA
STRG.1.1 gene=STRG.1 [16] [947] GCATTTTAAAC
STRG.1.1 gene=STRG.1 [16] [948] CATTTTAAACC
STRG.1.1 gene=STRG.1 [16] [949] ATTTTAAACCA
STRG.1.1 gene=STRG.1 [16] [950] TTTTAAACCAT
STRG.1.1 gene=STRG.1 [16] [951] TTTAAACCATA
STRG.1.1 gene=STRG.1 [16] [952] TTAAACCATAC
STRG.1.1 gene=STRG.1 [16] [953] TAAACCATACC
STRG.1.1 gene=STRG.1 [16] [954] AAACCATACCT
STRG.1.1 gene=STRG.1 [16] [955] AACCATACCTT
STRG.1.1 gene=STRG.1 [16] [956] ACCATACCTTC
STRG.1.1 gene=STRG.1 [16] [957] CCATACCTTCT
STRG.1.1 gene=STRG.1 [16] [958] CATACCTTCTA
STRG.1.1 gene=STRG.1 [16] [959] ATACCTTCTAA
STRG.1.1 gene=STRG.1 [16] [960] TACCTTCTAAA
STRG.1.1 gene=STRG.1 [16] [961] ACCTTCTAAAC
STRG.1.1 gene=STRG.1 [16] [962] CCTTCTAAACC
STRG.1.1 gene=STRG.1 [16] [963] CTTCTAAACCC
STRG.1.1 gene=STRG.1 [16] [964] TTCTAAACCCA
STRG.1.1 gene=STRG.1 [16] [965] TCTAAACCCAC
STRG.1.1 gene=STRG.1 [16] [966] CTAAACCCACT
STRG.1.1 gene=STRG.1 [16] [967] TAAACCCACTT
STRG.1.1 gene=STRG.1 [16] [968] AAACCCACTTA
STRG.1.1 gene=STRG.1 [16] [969] AACCCACTTAG
STRG.1.1 gene=STRG.1 [16] [970] ACCCACTTAGT
STRG.1.1 gene=STRG.1 [16] [971] CCCACTTAGTA
STRG.1.1 gene=STRG.1 [16] [972] CCACTTAGTAA
STRG.1.1 gene=STRG.1 [16] [973] CACTTAGTAAA
STRG.1.1 gene=STRG.1 [16] [974] ACTTAGTAAAT
STRG.1.1 gene=STRG.1 [16] [975] CTTAGTAAATA
STRG.1.1 gene=STRG.1 [16] [976] TTAGTAAATAT
STRG.1.1 gene=STRG.1 [16] [977] TAGTAAATATA
STRG.1.1 gene=STRG.1 [16] [978] AGTAAATATAG
STRG.1.1 gene=STRG.1 [16] [979] GTAAATATAGC
STRG.1.1 gene=STRG.1 [16] [980] TAAATATAGCA
STRG.1.1 gene=STRG.1 [16] [981] AAATATAGCAA
STRG.1.1 gene=STRG.1 [16] [982] AATATAGCAAC
STRG.1.1 gene=STRG.1 [16] [983] ATATAGCAACT
STRG.1.1 gene=STRG.1 [16] [984] TATAGCAACTT
STRG.1.1 gene=STRG.1 [16] [985] ATAGCAACTTT
STRG.1.1 gene=STRG.1 [16] [986] TAGCAACTTTT
STRG.1.1 gene=STRG.1 [16] [987] AGCAACTTTTC
STRG.1.1 gene=STRG.1 [16] [988] GCAACTTTTCA
STRG.1.1 gene=STRG.1 [16] [989] CAACTTTTCAG
STRG.1.1 gene=STRG.1 [16] [990] AACTTTTCAGT
STRG.1.1 gene=STRG.1 [16] [991] ACTTTTCAGTA
STRG.1.1 gene=STRG.1 [16] [992] CTTTTCAGTAC
STRG.1.1 gene=STRG.1 [16] [993] TTTTCAGTACT
STRG.1.1 gene=STRG.1 [16] [994] TTTCAGTACTA
STRG.1.1 gene=STRG.1 [16] [995] TTCAGTACTAG
STRG.1.1 gene=STRG.1 [16] [996] TCAGTACTAGC
STRG.1.1 gene=STRG.1 [16] [997] CAGTACTAGCA
STRG.1.1 gene=STRG.1 [16] [998] AGTACTAGCAA
STRG.1.1 gene=STRG.1 [16] [999] GTACTAGCAAT
